[01:39:06] [ServerMain/INFO]: Environment: authHost='https://authserver.mojang.com', accountsHost='https://api.mojang.com', sessionHost='https://sessionserver.mojang.com', servicesHost='https://api.minecraftservices.com', name='PROD'
[01:39:08] [ServerMain/INFO]: Loaded 7 recipes
[01:39:08] [ServerMain/INFO]: Loaded 1271 advancements
[01:39:08] [Server thread/INFO]: Starting minecraft server version 1.20.1
[01:39:08] [Server thread/INFO]: Loading properties
[01:39:08] [Server thread/INFO]: Default game type: SURVIVAL
[01:39:08] [Server thread/INFO]: Generating keypair
[01:39:08] [Server thread/INFO]: Starting Minecraft server on *:25565
[01:39:08] [Server thread/INFO]: Using epoll channel type
[01:39:09] [Server thread/WARN]: **** SERVER IS RUNNING IN OFFLINE/INSECURE MODE!
[01:39:09] [Server thread/WARN]: The server will make no attempt to authenticate usernames. Beware.
[01:39:09] [Server thread/WARN]: While this makes the game possible to play without internet access, it also opens up the ability for hackers to connect with any username they choose.
[01:39:09] [Server thread/WARN]: To change this, set "online-mode" to "true" in the server.properties file.
[01:39:09] [Server thread/INFO]: Preparing level "world"
[01:39:11] [Server thread/INFO]: Preparing start region for dimension minecraft:overworld
[01:39:13] [Worker-Main-2/INFO]: Preparing spawn area: 0%
[01:39:13] [Worker-Main-2/INFO]: Preparing spawn area: 0%
[01:39:13] [Worker-Main-1/INFO]: Preparing spawn area: 0%
[01:39:13] [Worker-Main-1/INFO]: Preparing spawn area: 0%
[01:39:13] [Worker-Main-2/INFO]: Preparing spawn area: 0%
[01:39:14] [Worker-Main-2/INFO]: Preparing spawn area: 0%
[01:39:14] [Worker-Main-1/INFO]: Preparing spawn area: 1%
[01:39:15] [Worker-Main-1/INFO]: Preparing spawn area: 6%
[01:39:15] [Worker-Main-3/INFO]: Preparing spawn area: 38%
[01:39:15] [Server thread/INFO]: Time elapsed: 4423 ms
[01:39:15] [Server thread/INFO]: Done (6.888s)! For help, type "help"
